<?xml version="1.0" encoding="UTF-8"?>
<testsuite name="DashMakerTest" tests="1" skipped="0" failures="0" errors="0" timestamp="2016-04-25T03:32:09" hostname="Alinas-Air.domain" time="0.002">
  <properties/>
  <testcase name="replaceVowels_forOneVowel_dash" classname="DashMakerTest" time="0.002"/>
  <system-out><![CDATA[]]></system-out>
  <system-err><![CDATA[]]></system-err>
</testsuite>
